OpenJDK 64-Bit Server VM warning: Option UseBiasedLocking was deprecated in version 15.0 and will likely be removed in a future release.
2021-05-19 12:41:11.474+0000 INFO  Note that since you did not explicitly set the port in causal_clustering.transaction_advertised_address Neo4j automatically set it to 6004 to match causal_clustering.transaction_listen_address. This behavior may change in the future and we recommend you to explicitly set it.
2021-05-19 12:41:11.475+0000 INFO  Note that since you did not explicitly set the port in causal_clustering.discovery_advertised_address Neo4j automatically set it to 5004 to match causal_clustering.discovery_listen_address. This behavior may change in the future and we recommend you to explicitly set it.
2021-05-19 12:41:11.476+0000 INFO  Note that since you did not explicitly set the port in dbms.connector.bolt.advertised_address Neo4j automatically set it to 7691 to match dbms.connector.bolt.listen_address. This behavior may change in the future and we recommend you to explicitly set it.
2021-05-19 12:41:11.476+0000 INFO  Note that since you did not explicitly set the port in dbms.connector.http.advertised_address Neo4j automatically set it to 7478 to match dbms.connector.http.listen_address. This behavior may change in the future and we recommend you to explicitly set it.
2021-05-19 12:41:11.477+0000 INFO  Note that since you did not explicitly set the port in dbms.connector.https.advertised_address Neo4j automatically set it to 6478 to match dbms.connector.https.listen_address. This behavior may change in the future and we recommend you to explicitly set it.
2021-05-19 12:41:11.485+0000 INFO  Starting...
2021-05-19 12:41:13.529+0000 INFO  ======== Neo4j 4.2.6 ========
2021-05-19 12:41:27.250+0000 INFO  Sending metrics to CSV file at /Users/sebastian/Documents/dbd/Neo4j/replica-02/metrics
2021-05-19 12:41:27.287+0000 INFO  Bolt enabled on localhost:7691.
2021-05-19 12:41:28.278+0000 INFO  Remote interface available at http://localhost:7478/
2021-05-19 12:41:28.279+0000 INFO  Started.
2021-05-19 12:47:05.524+0000 WARN  The client is unauthorized due to authentication failure.
2021-05-19 12:47:05.587+0000 WARN  The client is unauthorized due to authentication failure.
2021-05-19 12:47:25.137+0000 WARN  The client is unauthorized due to authentication failure.
2021-05-19 12:48:06.665+0000 WARN  The client is unauthorized due to authentication failure.
2021-05-19 12:49:26.979+0000 WARN  The client is unauthorized due to authentication failure.
2021-05-19 12:50:49.951+0000 WARN  The client is unauthorized due to authentication failure.
2021-05-19 12:52:11.959+0000 WARN  The client is unauthorized due to authentication failure.
2021-05-19 12:52:51.962+0000 WARN  The client is unauthorized due to authentication failure.
2021-05-19 12:54:12.956+0000 WARN  The client is unauthorized due to authentication failure.
2021-05-19 12:55:33.952+0000 WARN  The client is unauthorized due to authentication failure.
2021-05-19 12:56:57.966+0000 WARN  The client is unauthorized due to authentication failure.
2021-05-19 12:59:00.784+0000 WARN  The client is unauthorized due to authentication failure.
2021-05-19 13:00:21.631+0000 WARN  The client is unauthorized due to authentication failure.
2021-05-19 13:01:43.985+0000 WARN  The client is unauthorized due to authentication failure.
2021-05-19 13:03:05.022+0000 WARN  The client is unauthorized due to authentication failure.
2021-05-19 13:04:28.039+0000 WARN  The client is unauthorized due to authentication failure.
2021-05-19 13:05:49.986+0000 WARN  The client is unauthorized due to authentication failure.
2021-05-19 13:07:11.890+0000 WARN  The client is unauthorized due to authentication failure.
2021-05-19 13:08:43.168+0000 WARN  The client is unauthorized due to authentication failure.
2021-05-19 13:11:17.778+0000 WARN  The client is unauthorized due to authentication failure.
2021-05-19 13:12:38.839+0000 WARN  The client is unauthorized due to authentication failure.
2021-05-19 13:13:00.051+0000 WARN  The client is unauthorized due to authentication failure.
2021-05-19 13:14:20.887+0000 WARN  The client is unauthorized due to authentication failure.
2021-05-19 13:15:43.863+0000 WARN  The client is unauthorized due to authentication failure.
2021-05-19 13:19:19.048+0000 WARN  The client is unauthorized due to authentication failure.
2021-05-19 13:20:42.047+0000 WARN  The client is unauthorized due to authentication failure.
2021-05-19 13:22:04.642+0000 WARN  The client is unauthorized due to authentication failure.
2021-05-19 13:23:25.954+0000 WARN  The client is unauthorized due to authentication failure.
2021-05-19 13:23:50.407+0000 WARN  The client is unauthorized due to authentication failure.
2021-05-19 13:24:10.165+0000 WARN  The client is unauthorized due to authentication failure.
2021-05-19 13:25:31.553+0000 WARN  The client is unauthorized due to authentication failure.
2021-05-19 13:26:51.813+0000 WARN  The client is unauthorized due to authentication failure.
2021-05-19 13:28:12.555+0000 WARN  The client is unauthorized due to authentication failure.
2021-05-19 13:29:33.922+0000 WARN  The client is unauthorized due to authentication failure.
2021-05-19 13:30:56.547+0000 WARN  The client is unauthorized due to authentication failure.
2021-05-19 13:32:18.023+0000 WARN  The client is unauthorized due to authentication failure.
2021-05-19 13:33:18.024+0000 WARN  The client is unauthorized due to authentication failure.
2021-05-19 13:34:38.034+0000 WARN  The client is unauthorized due to authentication failure.
2021-05-19 13:35:58.047+0000 WARN  The client is unauthorized due to authentication failure.
2021-05-19 13:37:18.053+0000 WARN  The client is unauthorized due to authentication failure.
2021-05-19 13:38:38.088+0000 WARN  The client is unauthorized due to authentication failure.
2021-05-19 13:39:33.475+0000 WARN  The client is unauthorized due to authentication failure.
2021-05-19 13:39:58.102+0000 WARN  The client is unauthorized due to authentication failure.
2021-05-19 13:41:18.146+0000 WARN  The client is unauthorized due to authentication failure.
2021-05-19 13:42:40.859+0000 WARN  The client is unauthorized due to authentication failure.
2021-05-19 13:44:02.351+0000 WARN  The client is unauthorized due to authentication failure.
2021-05-19 13:45:22.373+0000 WARN  The client is unauthorized due to authentication failure.
2021-05-19 13:47:47.293+0000 WARN  The client is unauthorized due to authentication failure.
2021-05-19 13:47:55.039+0000 WARN  The client is unauthorized due to authentication failure.
2021-05-19 13:49:09.543+0000 WARN  The client is unauthorized due to authentication failure.
2021-05-19 13:50:10.860+0000 WARN  The client is unauthorized due to authentication failure.
2021-05-19 13:51:32.703+0000 WARN  The client is unauthorized due to authentication failure.
2021-05-19 13:52:52.719+0000 WARN  The client is unauthorized due to authentication failure.
2021-05-19 13:53:12.788+0000 WARN  The client is unauthorized due to authentication failure.
2021-05-19 13:54:33.545+0000 WARN  The client is unauthorized due to authentication failure.
