OpenJDK 64-Bit Server VM warning: Option UseBiasedLocking was deprecated in version 15.0 and will likely be removed in a future release.
2021-05-19 12:37:51.679+0000 INFO  Note that since you did not explicitly set the port in causal_clustering.transaction_advertised_address Neo4j automatically set it to 6003 to match causal_clustering.transaction_listen_address. This behavior may change in the future and we recommend you to explicitly set it.
2021-05-19 12:37:51.680+0000 INFO  Note that since you did not explicitly set the port in causal_clustering.discovery_advertised_address Neo4j automatically set it to 5003 to match causal_clustering.discovery_listen_address. This behavior may change in the future and we recommend you to explicitly set it.
2021-05-19 12:37:51.680+0000 INFO  Note that since you did not explicitly set the port in dbms.connector.bolt.advertised_address Neo4j automatically set it to 7690 to match dbms.connector.bolt.listen_address. This behavior may change in the future and we recommend you to explicitly set it.
2021-05-19 12:37:51.680+0000 INFO  Note that since you did not explicitly set the port in dbms.connector.http.advertised_address Neo4j automatically set it to 7477 to match dbms.connector.http.listen_address. This behavior may change in the future and we recommend you to explicitly set it.
2021-05-19 12:37:51.680+0000 INFO  Note that since you did not explicitly set the port in dbms.connector.https.advertised_address Neo4j automatically set it to 6477 to match dbms.connector.https.listen_address. This behavior may change in the future and we recommend you to explicitly set it.
2021-05-19 12:37:51.688+0000 INFO  Starting...
2021-05-19 12:37:53.768+0000 INFO  ======== Neo4j 4.2.6 ========
2021-05-19 12:38:07.907+0000 INFO  Sending metrics to CSV file at /Users/sebastian/Documents/dbd/Neo4j/replica-01/metrics
2021-05-19 12:38:07.935+0000 INFO  Bolt enabled on localhost:7690.
2021-05-19 12:38:09.009+0000 INFO  Remote interface available at http://localhost:7477/
2021-05-19 12:38:09.010+0000 INFO  Started.
2021-05-19 12:47:04.888+0000 WARN  The client is unauthorized due to authentication failure.
2021-05-19 12:47:05.401+0000 WARN  The client is unauthorized due to authentication failure.
2021-05-19 12:47:45.675+0000 WARN  The client is unauthorized due to authentication failure.
2021-05-19 12:49:06.979+0000 WARN  The client is unauthorized due to authentication failure.
2021-05-19 12:50:29.112+0000 WARN  The client is unauthorized due to authentication failure.
2021-05-19 12:51:51.619+0000 WARN  The client is unauthorized due to authentication failure.
2021-05-19 12:52:31.968+0000 WARN  The client is unauthorized due to authentication failure.
2021-05-19 12:53:52.770+0000 WARN  The client is unauthorized due to authentication failure.
2021-05-19 12:55:13.902+0000 WARN  The client is unauthorized due to authentication failure.
2021-05-19 12:56:36.970+0000 WARN  The client is unauthorized due to authentication failure.
2021-05-19 12:57:40.116+0000 WARN  The client is unauthorized due to authentication failure.
2021-05-19 12:59:40.801+0000 WARN  The client is unauthorized due to authentication failure.
2021-05-19 13:01:02.926+0000 WARN  The client is unauthorized due to authentication failure.
2021-05-19 13:02:24.841+0000 WARN  The client is unauthorized due to authentication failure.
2021-05-19 13:02:44.966+0000 WARN  The client is unauthorized due to authentication failure.
2021-05-19 13:04:06.846+0000 WARN  The client is unauthorized due to authentication failure.
2021-05-19 13:05:29.952+0000 WARN  The client is unauthorized due to authentication failure.
2021-05-19 13:06:51.722+0000 WARN  The client is unauthorized due to authentication failure.
2021-05-19 13:07:51.938+0000 WARN  The client is unauthorized due to authentication failure.
2021-05-19 13:10:57.556+0000 WARN  The client is unauthorized due to authentication failure.
2021-05-19 13:12:18.749+0000 WARN  The client is unauthorized due to authentication failure.
2021-05-19 13:13:40.556+0000 WARN  The client is unauthorized due to authentication failure.
2021-05-19 13:15:02.896+0000 WARN  The client is unauthorized due to authentication failure.
2021-05-19 13:16:38.503+0000 WARN  The client is unauthorized due to authentication failure.
2021-05-19 13:18:57.632+0000 WARN  The client is unauthorized due to authentication failure.
2021-05-19 13:20:21.015+0000 WARN  The client is unauthorized due to authentication failure.
2021-05-19 13:21:43.938+0000 WARN  The client is unauthorized due to authentication failure.
2021-05-19 13:23:05.949+0000 WARN  The client is unauthorized due to authentication failure.
2021-05-19 13:23:49.969+0000 WARN  The client is unauthorized due to authentication failure.
2021-05-19 13:23:50.286+0000 WARN  The client is unauthorized due to authentication failure.
2021-05-19 13:23:50.309+0000 WARN  The client is unauthorized due to authentication failure.
2021-05-19 13:23:50.323+0000 WARN  The client is unauthorized due to authentication failure.
2021-05-19 13:23:50.430+0000 WARN  The client is unauthorized due to authentication failure.
2021-05-19 13:24:30.147+0000 WARN  The client is unauthorized due to authentication failure.
2021-05-19 13:25:51.556+0000 WARN  The client is unauthorized due to authentication failure.
2021-05-19 13:27:11.972+0000 WARN  The client is unauthorized due to authentication failure.
2021-05-19 13:28:32.863+0000 WARN  The client is unauthorized due to authentication failure.
2021-05-19 13:29:13.875+0000 WARN  The client is unauthorized due to authentication failure.
2021-05-19 13:30:36.540+0000 WARN  The client is unauthorized due to authentication failure.
2021-05-19 13:31:58.014+0000 WARN  The client is unauthorized due to authentication failure.
2021-05-19 13:32:59.373+0000 WARN  The client is unauthorized due to authentication failure.
2021-05-19 13:35:18.040+0000 WARN  The client is unauthorized due to authentication failure.
2021-05-19 13:36:38.055+0000 WARN  The client is unauthorized due to authentication failure.
2021-05-19 13:37:58.061+0000 WARN  The client is unauthorized due to authentication failure.
2021-05-19 13:38:08.631+0000 WARN  The client is unauthorized due to authentication failure.
2021-05-19 13:39:18.108+0000 WARN  The client is unauthorized due to authentication failure.
2021-05-19 13:40:38.107+0000 WARN  The client is unauthorized due to authentication failure.
2021-05-19 13:41:59.861+0000 WARN  The client is unauthorized due to authentication failure.
2021-05-19 13:43:21.871+0000 WARN  The client is unauthorized due to authentication failure.
2021-05-19 13:45:02.367+0000 WARN  The client is unauthorized due to authentication failure.
2021-05-19 13:47:47.336+0000 WARN  The client is unauthorized due to authentication failure.
2021-05-19 13:48:07.172+0000 WARN  The client is unauthorized due to authentication failure.
2021-05-19 13:49:17.798+0000 WARN  The client is unauthorized due to authentication failure.
2021-05-19 13:50:30.876+0000 WARN  The client is unauthorized due to authentication failure.
2021-05-19 13:51:52.709+0000 WARN  The client is unauthorized due to authentication failure.
2021-05-19 13:53:52.801+0000 WARN  The client is unauthorized due to authentication failure.
